1663675945594	geckodriver	INFO	Listening on 127.0.0.1:38509
1663676419354	geckodriver	INFO	Listening on 127.0.0.1:44057
1663676419901	mozrunner::runner	INFO	Running command: "/usr/bin/firefox" "--marionette" "--remote-debugging-port" "54981" "--remote-allow-hosts" "localhost" "-no-remote" "-profile" "/tmp/rust_mozprofileYqLgvz"
ATTENTION: default value of option mesa_glthread overridden by environment.
ATTENTION: default value of option mesa_glthread overridden by environment.
ATTENTION: default value of option mesa_glthread overridden by environment.
ATTENTION: default value of option mesa_glthread overridden by environment.
1663676427908	Marionette	INFO	Marionette enabled
1663676427937	Marionette	INFO	Listening on port 35405
WebDriver BiDi listening on ws://localhost:54981
Read port: 35405
Read port: 35405
1663676429447	RemoteAgent	WARN	TLS certificate errors will be ignored for this session
console.warn: SearchSettings: "get: No settings file exists, new profile?" (new NotFoundError("Could not open the file at /tmp/rust_mozprofileYqLgvz/search.json.mozlz4", (void 0)))
Missing chrome or resource URL: resource://gre/modules/UpdateListener.sys.mjs
DevTools listening on ws://localhost:54981/devtools/browser/f27b9b81-31a2-4bf4-b157-89eeaf333e2c
console.warn: LoginRecipes: "Falling back to a synchronous message for: https://twitter.com."
JavaScript error: resource://gre/modules/AsyncShutdown.jsm, line 576: NotFoundError: No such JSWindowActor 'DevToolsFrame'
JavaScript error: resource://gre/modules/AsyncShutdown.jsm, line 576: NotFoundError: No such JSWindowActor 'DevToolsFrame'
Missing chrome or resource URL: resource://gre/modules/UpdateListener.sys.mjs
console.error: "Error during quit-application-granted: [Exception... \"File error: Not found\"  nsresult: \"0x80520012 (NS_ERROR_FILE_NOT_FOUND)\"  location: \"JS frame :: resource:///modules/BrowserGlue.jsm :: _onQuitApplicationGranted/tasks< :: line 2013\"  data: no]"
1663676575940	Marionette	INFO	Stopped listening on port 35405
1663676577721	geckodriver::marionette	ERROR	Failed to close browser connection: Socket not connected (os error 107)
